g:\code\helper\build\helper.dir\release\musupport.obj
g:\code\helper\build\helper.dir\release\main.obj
g:\code\helper\build\helper.dir\release\logger.obj
g:\code\helper\build\helper.dir\release\global.obj
g:\code\helper\build\helper.dir\release\core.obj
g:\code\helper\build\helper.dir\release\emulator.obj
g:\code\helper\build\helper.dir\release\match.obj
g:\code\helper\build\helper.dir\release\basic.obj
g:\code\helper\build\helper.dir\release\app.pcr.obj
g:\code\helper\build\cmakefiles\generate.stamp
g:\code\helper\build\release\helper.exe
g:\code\helper\build\helper.dir\release\helper.tlog\cl.command.1.tlog
g:\code\helper\build\helper.dir\release\helper.tlog\cl.read.1.tlog
g:\code\helper\build\helper.dir\release\helper.tlog\cl.write.1.tlog
g:\code\helper\build\helper.dir\release\helper.tlog\custombuild.command.1.tlog
g:\code\helper\build\helper.dir\release\helper.tlog\custombuild.read.1.tlog
g:\code\helper\build\helper.dir\release\helper.tlog\custombuild.write.1.tlog
g:\code\helper\build\helper.dir\release\helper.tlog\link.command.1.tlog
g:\code\helper\build\helper.dir\release\helper.tlog\link.read.1.tlog
g:\code\helper\build\helper.dir\release\helper.tlog\link.write.1.tlog
